Starting Single Run, Sweeps and Corners...

Current time: Fri Dec 15 19:10:52 2023 
Best design point: 1
Design specs: 
	cuaic:mos_char_gm_id:1	corner	Nominal - 
	M0:gmoverid (W_REF_T=2.50e-06)		Error	No
	M0:gm (W_REF_T=2.50e-06)		Error	No
Design parameters: 
	FIN		1
	L		60n
	L_T		280n
	VDS		600m
	VDS_T		1.25
	VGS		800m
	VGS_T		1.5
	VSB		0
	VSB_T		0
	W_REF		2.5u
	W_REF_T		2.5u

Interactive.4
Number of points completed: 1
Number of simulation errors: 2
Interactive.4 completed. 
Current time: Fri Dec 15 19:10:57 2023 
