Starting Monte Carlo Sampling...

Current time: Sat Jan 20 17:31:38 2024 
MonteCarlo.1
Number of points completed: 200
Number of simulation errors: 0
MonteCarlo.1 completed. 
Current time: Sat Jan 20 17:32:33 2024 
Monte Carlo Sampling yield summary:
Number of spec values are in this yield data: 1
cuaic:BGR:1	Nominal - 
	VDC("/VREF"):	Yield	100%
		Min 0.469713	Max 0.533768	Mean 0.501646	Number of errors 0

cuaic:BGR:1
	Overall Yield	100%	Number of points passed	200	Total number of points	200

Estimated yield = 100% (200/200), 0 errors
Estimated yield (No opregions) = 100% (200/200)
Monte Carlo Sampling yield summary:
Number of spec values are in this yield data: 1
cuaic:BGR:1	Nominal - 
	VDC("/VREF"):	Yield	100%
		Min 0.469713	Max 0.533768	Mean 0.501646	Number of errors 0

cuaic:BGR:1
	Overall Yield	100%	Number of points passed	200	Total number of points	200

Estimated yield = 100% (200/200), 0 errors
Estimated yield (No opregions) = 100% (200/200)
