Starting Monte Carlo Sampling...

Current time: Sat Jan 20 17:54:13 2024 
MonteCarlo.0
Number of points completed: 200
Number of simulation errors: 0
MonteCarlo.0 completed. 
Current time: Sat Jan 20 17:54:50 2024 
Monte Carlo Sampling yield summary:
Number of spec values are in this yield data: 1
cuaic:constcurrent:1	Nominal - 
	IDC("/Vidc/PLUS"):	Yield	100%
		Min 9.35202e-05	Max 0.000105673	Mean 0.000100418	Number of errors 0

cuaic:constcurrent:1
	Overall Yield	100%	Number of points passed	200	Total number of points	200

Estimated yield = 100% (200/200), 0 errors
Estimated yield (No opregions) = 100% (200/200)
Monte Carlo Sampling yield summary:
Number of spec values are in this yield data: 1
cuaic:constcurrent:1	Nominal - 
	IDC("/Vidc/PLUS"):	Yield	100%
		Min 9.35202e-05	Max 0.000105673	Mean 0.000100418	Number of errors 0

cuaic:constcurrent:1
	Overall Yield	100%	Number of points passed	200	Total number of points	200

Estimated yield = 100% (200/200), 0 errors
Estimated yield (No opregions) = 100% (200/200)
