Starting Monte Carlo Sampling...

Current time: Fri Dec 22 13:33:44 2023 
MonteCarlo.2
Number of points completed: 200
Number of simulation errors: 200
MonteCarlo.2 completed. 
Current time: Fri Dec 22 13:35:22 2023 
Monte Carlo Sampling yield summary:
Number of spec values are in this yield data: 2
cuaic:Assignment2_wilson_cm:1	Nominal - 
	IDC("/V1/MINUS"):	Yield	0%
		Min 0	Max 0	Mean 0	Number of errors 0
cuaic:Assignment2_wilson_cm:1	Nominal - 
	R_OUT:	Yield	0%
		Min 0	Max 0	Mean 0	Number of errors 0

cuaic:Assignment2_wilson_cm:1
	Overall Yield	0%	Number of points passed	0	Total number of points	0

Estimated yield = 0% (0/0), 0 errors
Estimated yield (No opregions) = 0% (0/0)
Monte Carlo Sampling yield summary:
Number of spec values are in this yield data: 2
cuaic:Assignment2_wilson_cm:1	Nominal - 
	IDC("/V1/MINUS"):	Yield	0%
		Min 0	Max 0	Mean 0	Number of errors 0
cuaic:Assignment2_wilson_cm:1	Nominal - 
	R_OUT:	Yield	0%
		Min 0	Max 0	Mean 0	Number of errors 0

cuaic:Assignment2_wilson_cm:1
	Overall Yield	0%	Number of points passed	0	Total number of points	0

Estimated yield = 0% (0/0), 0 errors
Estimated yield (No opregions) = 0% (0/0)
Monte Carlo Sampling yield summary:
Number of spec values are in this yield data: 2
cuaic:Assignment2_wilson_cm:1	Nominal - 
	IDC("/V1/MINUS"):	Yield	0%
		Min 0	Max 0	Mean 0	Number of errors 0
cuaic:Assignment2_wilson_cm:1	Nominal - 
	R_OUT:	Yield	0%
		Min 0	Max 0	Mean 0	Number of errors 0

cuaic:Assignment2_wilson_cm:1
	Overall Yield	0%	Number of points passed	0	Total number of points	0

Estimated yield = 0% (0/0), 0 errors
Estimated yield (No opregions) = 0% (0/0)
Monte Carlo Sampling yield summary:
Number of spec values are in this yield data: 2
cuaic:Assignment2_wilson_cm:1	Nominal - 
	IDC("/V1/MINUS"):	Yield	0%
		Min 0	Max 0	Mean 0	Number of errors 0
cuaic:Assignment2_wilson_cm:1	Nominal - 
	R_OUT:	Yield	0%
		Min 0	Max 0	Mean 0	Number of errors 0

cuaic:Assignment2_wilson_cm:1
	Overall Yield	0%	Number of points passed	0	Total number of points	0

Estimated yield = 0% (0/0), 0 errors
Estimated yield (No opregions) = 0% (0/0)
Monte Carlo Sampling yield summary:
Number of spec values are in this yield data: 2
cuaic:Assignment2_wilson_cm:1	Nominal - 
	IDC("/V1/MINUS"):	Yield	100%
		Min 0.000398762	Max 0.000399381	Mean 0.000399171	Number of errors 0
cuaic:Assignment2_wilson_cm:1	Nominal - 
	R_OUT:	Yield	0%
		Min 0	Max 0	Mean 0	Number of errors 200

cuaic:Assignment2_wilson_cm:1
	Overall Yield	99.5%	Number of points passed	199	Total number of points	200

Estimated yield = 99.5% (199/200), 200 errors
Estimated yield (No opregions) = 99.5% (199/200)
Monte Carlo Sampling yield summary:
Number of spec values are in this yield data: 2
cuaic:Assignment2_wilson_cm:1	Nominal - 
	IDC("/V1/MINUS"):	Yield	100%
		Min 0.000398762	Max 0.000399381	Mean 0.000399171	Number of errors 0
cuaic:Assignment2_wilson_cm:1	Nominal - 
	R_OUT:	Yield	0%
		Min 0	Max 0	Mean 0	Number of errors 200

cuaic:Assignment2_wilson_cm:1
	Overall Yield	99.5%	Number of points passed	199	Total number of points	200

Estimated yield = 99.5% (199/200), 200 errors
Estimated yield (No opregions) = 99.5% (199/200)
