Starting Monte Carlo Sampling...

Current time: Fri Dec 22 13:44:57 2023 
MonteCarlo.4
Number of points completed: 500
Number of simulation errors: 500
MonteCarlo.4 completed. 
Current time: Fri Dec 22 13:49:42 2023 
Monte Carlo Sampling yield summary:
Number of spec values are in this yield data: 3
cuaic:Assignment2_wilson_cm:1	Nominal - 
	I_out_dc:	Yield	100%
		Min 0.000394617	Max 0.000404147	Mean 0.00039918	Number of errors 0
cuaic:Assignment2_wilson_cm:1	Nominal - 
	R_OUT:	Yield	0%
		Min 0	Max 0	Mean 0	Number of errors 500
cuaic:Assignment2_wilson_cm:1	Nominal - 
	i_out_err:	Yield	100%
		Min -1.34572	Max 1.03675	Mean -0.204885	Number of errors 0

cuaic:Assignment2_wilson_cm:1
	Overall Yield	99.8%	Number of points passed	499	Total number of points	500

Estimated yield = 99.8% (499/500), 500 errors
Estimated yield (No opregions) = 99.8% (499/500)
Monte Carlo Sampling yield summary:
Number of spec values are in this yield data: 3
cuaic:Assignment2_wilson_cm:1	Nominal - 
	I_out_dc:	Yield	100%
		Min 0.000394617	Max 0.000404147	Mean 0.00039918	Number of errors 0
cuaic:Assignment2_wilson_cm:1	Nominal - 
	R_OUT:	Yield	0%
		Min 0	Max 0	Mean 0	Number of errors 500
cuaic:Assignment2_wilson_cm:1	Nominal - 
	i_out_err:	Yield	100%
		Min -1.34572	Max 1.03675	Mean -0.204885	Number of errors 0

cuaic:Assignment2_wilson_cm:1
	Overall Yield	99.8%	Number of points passed	499	Total number of points	500

Estimated yield = 99.8% (499/500), 500 errors
Estimated yield (No opregions) = 99.8% (499/500)
