Starting Monte Carlo Sampling...

Current time: Fri Dec 22 13:36:24 2023 
MonteCarlo.3
Number of points completed: 200
Number of simulation errors: 200
MonteCarlo.3 completed. 
Current time: Fri Dec 22 13:38:04 2023 
Monte Carlo Sampling yield summary:
Number of spec values are in this yield data: 2
cuaic:Assignment2_wilson_cm:1	Nominal - 
	IDC("/V1/MINUS"):	Yield	100%
		Min 0.000394617	Max 0.000403635	Mean 0.000399139	Number of errors 0
cuaic:Assignment2_wilson_cm:1	Nominal - 
	R_OUT:	Yield	0%
		Min 0	Max 0	Mean 0	Number of errors 200

cuaic:Assignment2_wilson_cm:1
	Overall Yield	99.5%	Number of points passed	199	Total number of points	200

Estimated yield = 99.5% (199/200), 200 errors
Estimated yield (No opregions) = 99.5% (199/200)
Monte Carlo Sampling yield summary:
Number of spec values are in this yield data: 2
cuaic:Assignment2_wilson_cm:1	Nominal - 
	IDC("/V1/MINUS"):	Yield	100%
		Min 0.000394617	Max 0.000403635	Mean 0.000399139	Number of errors 0
cuaic:Assignment2_wilson_cm:1	Nominal - 
	R_OUT:	Yield	0%
		Min 0	Max 0	Mean 0	Number of errors 200

cuaic:Assignment2_wilson_cm:1
	Overall Yield	99.5%	Number of points passed	199	Total number of points	200

Estimated yield = 99.5% (199/200), 200 errors
Estimated yield (No opregions) = 99.5% (199/200)
